Add Component: Footprint Not Found SD2114_AVX
Add Component: Footprint Not Found SD2114_AVX
Add Component: Footprint Not Found RESC2012X70N
Add Component: Footprint Not Found RESC2012X60N
Added Component: Designator=U1(SOP127P600X170-9N)
Add component (AddParameter): Name = "Availability"; Value = "Unavailable"; VariantName = "[No Variations]"
Add component (AddParameter): Name = "MF"; Value = "Alpha &"; VariantName = "[No Variations]"
Add component (AddParameter): Name = "MP"; Value = "AOZ1284PI"; VariantName = "[No Variations]"
Add component (AddParameter): Name = "Package"; Value = "SO-8 Alpha &amp; Omega Semiconductor"; VariantName = "[No Variations]"
Add component (AddParameter): Name = "Price"; Value = "None"; VariantName = "[No Variations]"
Add component (AddParameter): Name = "SnapEDA_Link"; Value = "https://www.snapeda.com/parts/AOZ1284PI/Alpha%20%26%20Omega%20Semiconductor%20Inc./view-part/473739/?ref=snap"; VariantName = "[No Variations]"
Add component (AddParameter): Name = "Value"; Value = ""; VariantName = "[No Variations]"
Added Component: Designator=U(SOP127P600X170-9N)
Add component (AddParameter): Name = "Availability"; Value = "Unavailable"; VariantName = "[No Variations]"
Add component (AddParameter): Name = "MF"; Value = "Alpha &"; VariantName = "[No Variations]"
Add component (AddParameter): Name = "MP"; Value = "AOZ1284PI"; VariantName = "[No Variations]"
Add component (AddParameter): Name = "Package"; Value = "SO-8 Alpha &amp; Omega Semiconductor"; VariantName = "[No Variations]"
Add component (AddParameter): Name = "Price"; Value = "None"; VariantName = "[No Variations]"
Add component (AddParameter): Name = "SnapEDA_Link"; Value = "https://www.snapeda.com/parts/AOZ1284PI/Alpha%20%26%20Omega%20Semiconductor%20Inc./view-part/473739/?ref=snap"; VariantName = "[No Variations]"
Add component (AddParameter): Name = "Value"; Value = ""; VariantName = "[No Variations]"
Add Pin To Net: Unknown Pin: Pin CR1-1
Add Pin To Net: Unknown Pin: Pin CR1-2
Add Pin To Net: Unknown Pin: Pin CR2-1
Add Pin To Net: Unknown Pin: Pin CR2-2
Add Pin To Net: Unknown Pin: Pin R5-1
Add Pin To Net: Unknown Pin: Pin R5-2
Add Pin To Net: Unknown Pin: Pin R-1
Add Pin To Net: Unknown Pin: Pin R-2
Added Pin To Net: NetName=NetC7_2 Pin=U1-1
Added Pin To Net: NetName=NetC7_1 Pin=U1-2
Added Pin To Net: NetName=GND Pin=U1-3
Added Pin To Net: NetName=NetR7_2 Pin=U1-4
Added Pin To Net: NetName=NetC9_1 Pin=U1-5
Added Pin To Net: NetName=NetR6_1 Pin=U1-6
Added Pin To Net: NetName=NetC10_2 Pin=U1-7
Added Pin To Net: NetName=GND Pin=U1-8
Added Pin To Net: NetName=NetC1_2 Pin=U1-9
Added Pin To Net: NetName=NetC2_2 Pin=U-1
Added Pin To Net: NetName=NetC2_1 Pin=U-2
Added Pin To Net: NetName=GND Pin=U-3
Added Pin To Net: NetName=NetR2_2 Pin=U-4
Added Pin To Net: NetName=NetC4_1 Pin=U-5
Added Pin To Net: NetName=NetR1_1 Pin=U-6
Added Pin To Net: NetName=NetC5_2 Pin=U-7
Added Pin To Net: NetName=GND Pin=U-8
Added Pin To Net: NetName=NetC1_2 Pin=U-9
Add Class Member: Failed to add class member : Component CR1 SD2114S040S8R0
Add Class Member: Failed to add class member : Component CR2 SD2114S040S8R0
Add Class Member: Failed to add class member : Component R5 ERJ-6GEYK156V
Add Class Member: Failed to add class member : Component R RC0805JR-071ML
Added Member To Class: ClassName=Powerboard_schematic Member=Component U1 AOZ1284PI
Added Member To Class: ClassName=Powerboard_schematic Member=Component U AOZ1284PI
