Add Component: Footprint Not Found SD2114_AVX
Add Component: Footprint Not Found SD2114_AVX
Added Component: Designator=R4(TRIM_PV36W105C01B00)
Add component (AddParameter): Name = "Copyright"; Value = "Copyright (C) 2022 Ultra Librarian. All rights reserved."; VariantName = "[No Variations]"
Add component (AddParameter): Name = "Digi-Key_Part_Number_1"; Value = "490-2877-ND"; VariantName = "[No Variations]"
Add component (AddParameter): Name = "Manufacturer_Part_Number"; Value = "PV36W105C01B00"; VariantName = "[No Variations]"
Add component (AddParameter): Name = "Mfr_Name"; Value = "Murata"; VariantName = "[No Variations]"
Add component (AddParameter): Name = "RefDes"; Value = "RefDes"; VariantName = "[No Variations]"
Add component (AddParameter): Name = "Type"; Value = "DEV"; VariantName = "[No Variations]"
Add Component: Footprint Not Found RESC2012X70N
Added Component: Designator=R9(TRIM_PV36W105C01B00)
Add component (AddParameter): Name = "Copyright"; Value = "Copyright (C) 2022 Ultra Librarian. All rights reserved."; VariantName = "[No Variations]"
Add component (AddParameter): Name = "Digi-Key_Part_Number_1"; Value = "490-2877-ND"; VariantName = "[No Variations]"
Add component (AddParameter): Name = "Manufacturer_Part_Number"; Value = "PV36W105C01B00"; VariantName = "[No Variations]"
Add component (AddParameter): Name = "Mfr_Name"; Value = "Murata"; VariantName = "[No Variations]"
Add component (AddParameter): Name = "RefDes"; Value = "RefDes"; VariantName = "[No Variations]"
Add component (AddParameter): Name = "Type"; Value = "DEV"; VariantName = "[No Variations]"
Add Component: Footprint Not Found RESC2012X60N
Add Component: Footprint Not Found SOP127P600X170-9N
Add Component: Footprint Not Found SOP127P600X170-9N
Add Pin To Net: Unknown Pin: Pin CR1-1
Add Pin To Net: Unknown Pin: Pin CR1-2
Add Pin To Net: Unknown Pin: Pin CR2-1
Add Pin To Net: Unknown Pin: Pin CR2-2
Added Pin To Net: NetName=GND Pin=R4-2
Added Pin To Net: NetName=NetC4_2 Pin=R4-3
Add Pin To Net: Unknown Pin: Pin R5-1
Add Pin To Net: Unknown Pin: Pin R5-2
Added Pin To Net: NetName=GND Pin=R9-2
Added Pin To Net: NetName=NetC9_2 Pin=R9-3
Add Pin To Net: Unknown Pin: Pin R-1
Add Pin To Net: Unknown Pin: Pin R-2
Add Pin To Net: Unknown Pin: Pin U1-1
Add Pin To Net: Unknown Pin: Pin U1-2
Add Pin To Net: Unknown Pin: Pin U1-3
Add Pin To Net: Unknown Pin: Pin U1-4
Add Pin To Net: Unknown Pin: Pin U1-5
Add Pin To Net: Unknown Pin: Pin U1-6
Add Pin To Net: Unknown Pin: Pin U1-7
Add Pin To Net: Unknown Pin: Pin U1-8
Add Pin To Net: Unknown Pin: Pin U1-9
Add Pin To Net: Unknown Pin: Pin U-1
Add Pin To Net: Unknown Pin: Pin U-2
Add Pin To Net: Unknown Pin: Pin U-3
Add Pin To Net: Unknown Pin: Pin U-4
Add Pin To Net: Unknown Pin: Pin U-5
Add Pin To Net: Unknown Pin: Pin U-6
Add Pin To Net: Unknown Pin: Pin U-7
Add Pin To Net: Unknown Pin: Pin U-8
Add Pin To Net: Unknown Pin: Pin U-9
Add Class Member: Failed to add class member : Component CR1 SD2114S040S8R0
Add Class Member: Failed to add class member : Component CR2 SD2114S040S8R0
Added Member To Class: ClassName=Powerboard_schematic Member=Component R4 PV36W105C01B00
Add Class Member: Failed to add class member : Component R5 ERJ-6GEYK156V
Added Member To Class: ClassName=Powerboard_schematic Member=Component R9 PV36W105C01B00
Add Class Member: Failed to add class member : Component R RC0805JR-071ML
Add Class Member: Failed to add class member : Component U1 AOZ1284PI
Add Class Member: Failed to add class member : Component U AOZ1284PI
