Add Component: Footprint Not Found 52230042
Added Pin To Net: NetName=5V Pin=C6-1
Added Pin To Net: NetName=5V Pin=C7-1
Added Pin To Net: NetName=3.3V Pin=C8-1
Add Pin To Net: Unknown Pin: Pin J1-A1
Add Pin To Net: Unknown Pin: Pin J1-A2
Add Pin To Net: Unknown Pin: Pin J1-A3
Add Pin To Net: Unknown Pin: Pin J1-A4
Add Pin To Net: Unknown Pin: Pin J1-A5
Add Pin To Net: Unknown Pin: Pin J1-A6
Add Pin To Net: Unknown Pin: Pin J1-A7
Add Pin To Net: Unknown Pin: Pin J1-A8
Add Pin To Net: Unknown Pin: Pin J1-A9
Add Pin To Net: Unknown Pin: Pin J1-A10
Add Pin To Net: Unknown Pin: Pin J1-A11
Add Pin To Net: Unknown Pin: Pin J1-A12
Add Pin To Net: Unknown Pin: Pin J1-B1
Add Pin To Net: Unknown Pin: Pin J1-B2
Add Pin To Net: Unknown Pin: Pin J1-D7
Add Class Member: Failed to add class member : Component J1 5223004-2
