Added Component: Designator=U8(PCBComponent_1)
Added Component: Designator=U9(PCBComponent_1)
Added Pin To Net: NetName=5V Pin=U8-1
Added Pin To Net: NetName=GND Pin=U8-2
Added Pin To Net: NetName=NetJ1_B5 Pin=U8-3
Added Pin To Net: NetName=NetJ1_B6 Pin=U8-4
Added Pin To Net: NetName=GND Pin=U8-5
Added Pin To Net: NetName=3.3V Pin=U8-6
Added Pin To Net: NetName=3.3V Pin=U8-7
Added Pin To Net: NetName=NetJ1_A1 Pin=U8-8
Added Pin To Net: NetName=NetJ1_A2 Pin=U8-9
Added Pin To Net: NetName=GND Pin=U8-10
Added Pin To Net: NetName=5V Pin=U9-1
Added Pin To Net: NetName=GND Pin=U9-2
Added Pin To Net: NetName=NetJ1_B3 Pin=U9-3
Added Pin To Net: NetName=NetJ1_B4 Pin=U9-4
Added Pin To Net: NetName=GND Pin=U9-5
Added Pin To Net: NetName=3.3V Pin=U9-6
Added Pin To Net: NetName=3.3V Pin=U9-7
Added Pin To Net: NetName=NetJ1_A3 Pin=U9-8
Added Pin To Net: NetName=NetJ1_A4 Pin=U9-9
Added Pin To Net: NetName=GND Pin=U9-10
Added Member To Class: ClassName=Amplifier Member=Component U8 hx711
Added Member To Class: ClassName=Amplifier Member=Component U9 hx711
