Removed Pin From Net: NetName=8.4V Pin=C1-1
Removed Pin From Net: NetName=GND Pin=C1-2
Removed Pin From Net: NetName=5V Pin=C2-1
Removed Pin From Net: NetName=GND Pin=C2-2
Removed Pin From Net: NetName=5V Pin=C3-1
Removed Pin From Net: NetName=GND Pin=C3-2
Removed Pin From Net: NetName=3.3V Pin=C4-1
Removed Pin From Net: NetName=GND Pin=C4-2
Removed Pin From Net: NetName=GND Pin=IC1-1
Removed Pin From Net: NetName=5V Pin=IC1-2
Removed Pin From Net: NetName=8.4V Pin=IC1-3
Removed Pin From Net: NetName=GND Pin=IC2-1
Removed Pin From Net: NetName=3.3V Pin=IC2-2
Removed Pin From Net: NetName=5V Pin=IC2-3
Removed Member From Class: ClassName=Backplane Member=C1
Removed Member From Class: ClassName=Backplane Member=C2
Removed Member From Class: ClassName=Backplane Member=C3
Removed Member From Class: ClassName=Backplane Member=C4
Removed Member From Class: ClassName=Backplane Member=IC1
Removed Member From Class: ClassName=Backplane Member=IC2
