Removed Pin From Net: NetName=GND Pin=C1-2
Removed Pin From Net: NetName=GND Pin=C2-2
Removed Pin From Net: NetName=GND Pin=C3-2
Removed Pin From Net: NetName=GND Pin=C4-2
Removed Pin From Net: NetName=GND Pin=IC1-1
Removed Pin From Net: NetName=GND Pin=IC2-1
Added Pin To Net: NetName=NetJ1_12 Pin=C1-2
Added Pin To Net: NetName=GND Pin=C2-1
Added Pin To Net: NetName=NetJ1_12 Pin=C2-2
Added Pin To Net: NetName=GND Pin=C3-1
Added Pin To Net: NetName=NetJ1_12 Pin=C3-2
Added Pin To Net: NetName=NetJ1_7 Pin=C4-1
Added Pin To Net: NetName=NetJ1_12 Pin=C4-2
Added Pin To Net: NetName=NetJ1_12 Pin=IC1-1
Added Pin To Net: NetName=GND Pin=IC1-2
Added Pin To Net: NetName=NetJ1_12 Pin=IC2-1
Added Pin To Net: NetName=NetJ1_7 Pin=IC2-2
Added Pin To Net: NetName=GND Pin=IC2-3
Added Pin To Net: NetName=8.4V Pin=J1-2
Added Pin To Net: NetName=8.4V Pin=J1-3
Added Pin To Net: NetName=GND Pin=J1-6
Added Pin To Net: NetName=NetJ1_7 Pin=J1-8
Added Pin To Net: NetName=NetJ1_7 Pin=J1-9
Added Pin To Net: NetName=NetJ1_12 Pin=J1-10
Added Pin To Net: NetName=NetJ1_12 Pin=J1-11
Added Pin To Net: NetName=8.4V Pin=J2-2
Added Pin To Net: NetName=8.4V Pin=J2-3
Added Pin To Net: NetName=GND Pin=J2-6
Added Pin To Net: NetName=NetJ1_7 Pin=J2-8
Added Pin To Net: NetName=NetJ1_7 Pin=J2-9
Added Pin To Net: NetName=NetJ1_12 Pin=J2-10
Added Pin To Net: NetName=NetJ1_12 Pin=J2-11
Added Pin To Net: NetName=8.4V Pin=J3-2
Added Pin To Net: NetName=8.4V Pin=J3-3
Added Pin To Net: NetName=GND Pin=J3-6
Added Pin To Net: NetName=NetJ1_7 Pin=J3-8
Added Pin To Net: NetName=NetJ1_7 Pin=J3-9
Added Pin To Net: NetName=NetJ1_12 Pin=J3-10
Added Pin To Net: NetName=NetJ1_12 Pin=J3-11
Added Pin To Net: NetName=8.4V Pin=J4-2
Added Pin To Net: NetName=8.4V Pin=J4-3
Added Pin To Net: NetName=GND Pin=J4-6
Added Pin To Net: NetName=NetJ1_7 Pin=J4-8
Added Pin To Net: NetName=NetJ1_7 Pin=J4-9
Added Pin To Net: NetName=NetJ1_12 Pin=J4-10
Added Pin To Net: NetName=NetJ1_12 Pin=J4-11
Added Pin To Net: NetName=NetJ1_21 Pin=J-1
Added Pin To Net: NetName=NetJ1_20 Pin=J-2
Added Pin To Net: NetName=NetJ1_24 Pin=J-3
Added Pin To Net: NetName=NetJ1_21 Pin=J-4
Added Pin To Net: NetName=NetJ1_20 Pin=J-5
Added Pin To Net: NetName=NetJ1_24 Pin=J-6
Added Pin To Net: NetName=NetJ1_37 Pin=J-7
Added Pin To Net: NetName=NetJ1_25 Pin=J-8
Added Pin To Net: NetName=NetJ1_26 Pin=J-9
Added Pin To Net: NetName=NetJ1_38 Pin=J-10
Added Pin To Net: NetName=NetJ1_47 Pin=J-11
Added Pin To Net: NetName=NetJ1_48 Pin=J-12
Added Pin To Net: NetName=NetJ1_27 Pin=J-13
Added Pin To Net: NetName=NetJ1_39 Pin=J-14
Added Pin To Net: NetName=NetJ1_40 Pin=J-15
Added Pin To Net: NetName=NetJ1_41 Pin=J-16
Added Pin To Net: NetName=NetJ1_42 Pin=J-17
Added Pin To Net: NetName=NetJ1_41 Pin=J-18
Added Pin To Net: NetName=NetJ1_42 Pin=J-19
Added Pin To Net: NetName=8.4V Pin=J-20
Added Pin To Net: NetName=NetJ1_12 Pin=J-21
Added Pin To Net: NetName=GND Pin=J-22
Added Pin To Net: NetName=NetJ1_12 Pin=J-23
Added Pin To Net: NetName=GND Pin=J-24
Added Pin To Net: NetName=NetJ1_12 Pin=J-25
Added Pin To Net: NetName=GND Pin=J-26
Added Pin To Net: NetName=NetJ1_12 Pin=J-27
Added Pin To Net: NetName=GND Pin=J-28
Added Pin To Net: NetName=NetJ1_12 Pin=J-29
Added Pin To Net: NetName=GND Pin=J-30
Added Pin To Net: NetName=NetJ1_12 Pin=J-31
Added Pin To Net: NetName=GND Pin=J-32
Added Pin To Net: NetName=NetJ1_12 Pin=J-33
Added Pin To Net: NetName=NetJ1_12 Pin=J-34
Added Pin To Net: NetName=NetJ1_49 Pin=J-35
Added Pin To Net: NetName=NetJ1_50 Pin=J-36
Added Pin To Net: NetName=NetJ1_51 Pin=J-37
Added Pin To Net: NetName=NetJ1_52 Pin=J-38
Added Pin To Net: NetName=NetJ1_53 Pin=J-39
Added Pin To Net: NetName=NetJ1_54 Pin=J-40
Added Pin To Net: NetName=NetJ1_55 Pin=J-41
Added Pin To Net: NetName=NetJ1_56 Pin=J-42
Added Pin To Net: NetName=NetJ1_28 Pin=J-43
Added Pin To Net: NetName=NetJ1_29 Pin=J-44
Added Pin To Net: NetName=NetJ1_30 Pin=J-45
Added Pin To Net: NetName=NetJ1_31 Pin=J-46
Added Pin To Net: NetName=NetJ1_43 Pin=J-47
Added Pin To Net: NetName=NetJ1_32 Pin=J-48
Added Pin To Net: NetName=NetJ1_33 Pin=J-49
Added Pin To Net: NetName=NetJ1_34 Pin=J-50
Added Pin To Net: NetName=GND Pin=J-51
Added Pin To Net: NetName=NetJ1_12 Pin=J-52
Added Pin To Net: NetName=GND Pin=J-53
Added Pin To Net: NetName=NetJ1_12 Pin=J-54
Added Pin To Net: NetName=GND Pin=J-55
Added Pin To Net: NetName=NetJ1_12 Pin=J-56
Added Pin To Net: NetName=GND Pin=J-57
Added Pin To Net: NetName=NetJ1_12 Pin=J-58
Added Pin To Net: NetName=GND Pin=J-59
Added Pin To Net: NetName=NetJ1_12 Pin=J-60
Change Net Name : Old Net Name=GND New Net Name=5V
Change Net Name : Old Net Name=NetJ1_7 New Net Name=3.3V
Change Net Name : Old Net Name=NetJ1_12 New Net Name=GND
Added Member To Class: ClassName=Backplane Member=Component J2 5223002-2
Added Member To Class: ClassName=Backplane Member=Component J3 5223002-2
