Change Component Footprint: Designator=J Old Footprint=TE_DT15-12PA New Footprint=TE_5223002-2
Change Component Footprint: Designator=J Old Footprint=TE_DT15-12PA New Footprint=TE_5223002-2
Change Component Footprint: Designator=J Old Footprint=TE_DT15-12PA New Footprint=TE_5223002-2
Change Component Footprint: Designator=J Old Footprint=TE_DT15-12PA New Footprint=TE_5223002-2
Change Component Footprint: Designator=J Old Footprint=TE_DT15-12PA New Footprint=TE_5223002-2
Change Component Footprint: Designator=J Old Footprint=TE_DT15-12PA New Footprint=TE_5223002-2
Change Component Footprint: Designator=J Old Footprint=TE_DT15-12PA New Footprint=TE_5223002-2
Added Component: Designator=J(TE_5223002-2)
Add component (AddParameter): Name = "Availability"; Value = "Unavailable"; VariantName = "[No Variations]"
Add component (AddParameter): Name = "MF"; Value = "TE Connectivity"; VariantName = "[No Variations]"
Add component (AddParameter): Name = "MP"; Value = "DT15-12PA"; VariantName = "[No Variations]"
Add component (AddParameter): Name = "Package"; Value = "None"; VariantName = "[No Variations]"
Add component (AddParameter): Name = "Price"; Value = "None"; VariantName = "[No Variations]"
Add component (AddParameter): Name = "SnapEDA_Link"; Value = "https://www.snapeda.com/parts/DT15-12PA/TE%20Connectivity%20Deutsch%20Connectors/view-part/2279777/?ref=snap"; VariantName = "[No Variations]"
Add component (AddParameter): Name = "Value"; Value = ""; VariantName = "[No Variations]"
Added Member To Class: ClassName=Backplane Member=Component J DT15-12PA
Added Member To Class: ClassName=Backplane Member=Component J DT15-12PA
Added Member To Class: ClassName=Backplane Member=Component J DT15-12PA
Added Member To Class: ClassName=Backplane Member=Component J DT15-12PA
Added Member To Class: ClassName=Backplane Member=Component J DT15-12PA
Added Member To Class: ClassName=Backplane Member=Component J DT15-12PA
Added Member To Class: ClassName=Backplane Member=Component J DT15-12PA
