Removed Pin From Net: NetName=8.4V Pin=J5-1
Removed Pin From Net: NetName=GND Pin=J5-2
Removed Pin From Net: NetName=NetJ1_37 Pin=J5-3
Removed Pin From Net: NetName=8.4V Pin=J5-4
Removed Pin From Net: NetName=GND Pin=J5-5
Removed Pin From Net: NetName=NetJ1_25 Pin=J5-6
Removed Pin From Net: NetName=8.4V Pin=J5-7
Removed Pin From Net: NetName=GND Pin=J5-8
Removed Pin From Net: NetName=NetJ1_26 Pin=J5-9
Removed Pin From Net: NetName=8.4V Pin=J5-10
Removed Pin From Net: NetName=GND Pin=J5-11
Removed Pin From Net: NetName=NetJ1_38 Pin=J5-12
Removed Pin From Net: NetName=5V Pin=J6-1
Removed Pin From Net: NetName=GND Pin=J6-2
Removed Pin From Net: NetName=NetJ1_43 Pin=J6-3
Removed Pin From Net: NetName=NetJ1_44 Pin=J6-4
Removed Pin From Net: NetName=5V Pin=J6-5
Removed Pin From Net: NetName=GND Pin=J6-6
Removed Pin From Net: NetName=NetJ1_45 Pin=J6-7
Removed Pin From Net: NetName=NetJ1_46 Pin=J6-8
Removed Pin From Net: NetName=8.4V Pin=J7-1
Removed Pin From Net: NetName=NetJ1_49 Pin=J7-2
Removed Pin From Net: NetName=NetJ1_50 Pin=J7-3
Removed Pin From Net: NetName=NetJ1_51 Pin=J7-4
Removed Pin From Net: NetName=NetJ1_52 Pin=J7-5
Removed Pin From Net: NetName=NetJ1_53 Pin=J7-6
Removed Pin From Net: NetName=NetJ1_54 Pin=J7-7
Removed Pin From Net: NetName=NetJ1_55 Pin=J7-8
Removed Pin From Net: NetName=NetJ1_56 Pin=J7-9
Removed Pin From Net: NetName=GND Pin=J7-10
Removed Pin From Net: NetName=8.4V Pin=J8-1
Removed Pin From Net: NetName=GND Pin=J8-2
Removed Pin From Net: NetName=NetJ1_28 Pin=J8-3
Removed Pin From Net: NetName=8.4V Pin=J8-4
Removed Pin From Net: NetName=GND Pin=J8-5
Removed Pin From Net: NetName=NetJ1_29 Pin=J8-6
Removed Pin From Net: NetName=8.4V Pin=J8-7
Removed Pin From Net: NetName=GND Pin=J8-8
Removed Pin From Net: NetName=NetJ1_30 Pin=J8-9
Removed Pin From Net: NetName=8.4V Pin=J8-10
Removed Pin From Net: NetName=GND Pin=J8-11
Removed Pin From Net: NetName=NetJ1_38 Pin=J8-12
Removed Pin From Net: NetName=8.4V Pin=J9-1
Removed Pin From Net: NetName=GND Pin=J9-2
Removed Pin From Net: NetName=NetJ1_9 Pin=J9-3
Removed Pin From Net: NetName=NetJ1_10 Pin=J9-4
Removed Pin From Net: NetName=NetJ1_24 Pin=J9-5
Removed Pin From Net: NetName=8.4V Pin=J10-1
Removed Pin From Net: NetName=GND Pin=J10-2
Removed Pin From Net: NetName=NetJ1_41 Pin=J10-3
Removed Pin From Net: NetName=NetJ1_42 Pin=J10-4
Removed Pin From Net: NetName=8.4V Pin=J10-5
Removed Pin From Net: NetName=GND Pin=J10-6
Removed Pin From Net: NetName=NetJ1_39 Pin=J10-7
Removed Pin From Net: NetName=NetJ1_40 Pin=J10-8
Removed Pin From Net: NetName=8.4V Pin=J11-1
Removed Pin From Net: NetName=GND Pin=J11-2
Removed Pin From Net: NetName=NetJ1_9 Pin=J11-3
Removed Pin From Net: NetName=NetJ1_10 Pin=J11-4
Removed Pin From Net: NetName=NetJ1_23 Pin=J11-5
Removed Pin From Net: NetName=8.4V Pin=J12-1
Removed Pin From Net: NetName=GND Pin=J12-2
Removed Pin From Net: NetName=NetJ1_47 Pin=J12-3
Removed Pin From Net: NetName=8.4V Pin=J12-4
Removed Pin From Net: NetName=GND Pin=J12-5
Removed Pin From Net: NetName=NetJ1_48 Pin=J12-6
Removed Pin From Net: NetName=8.4V Pin=J12-7
Removed Pin From Net: NetName=GND Pin=J12-8
Removed Pin From Net: NetName=NetJ1_27 Pin=J12-9
Removed Member From Class: ClassName=Backplane Member=J9
Removed Member From Class: ClassName=Backplane Member=J10
Removed Member From Class: ClassName=Backplane Member=J11
Removed Member From Class: ClassName=Backplane Member=J12
Change Component Designator: OldDesignator=J1 NewDesignator=J2
Change Component Designator: OldDesignator=J2 NewDesignator=J3
Change Component Designator: OldDesignator=J3 NewDesignator=J1
Added Component: Designator=J(TE_6437288-3)
Add component (AddParameter): Name = "Digi-Key_Part_Number"; Value = ""; VariantName = "[No Variations]"
Add component (AddParameter): Name = "Digi-Key_Purchase_URL"; Value = ""; VariantName = "[No Variations]"
Add component (AddParameter): Name = "EU_RoHS_Compliance"; Value = "Compliant"; VariantName = "[No Variations]"
Add component (AddParameter): Name = "MF"; Value = "TE Connectivity"; VariantName = "[No Variations]"
Add component (AddParameter): Name = "MP"; Value = "6437288-3"; VariantName = "[No Variations]"
Add component (AddParameter): Name = "Package"; Value = "None"; VariantName = "[No Variations]"
Add component (AddParameter): Name = "SnapEDA_Link"; Value = "https://www.snapeda.com/parts/6437288-3/TE%20Connectivity%20AMP%20Connectors/view-part/401864/?ref=snap"; VariantName = "[No Variations]"
Add component (AddParameter): Name = "TE_purchase_URL"; Value = "https://www.te.com/usa-en/product-6437288-3.html?te_bu=Cor&te_type=disp&te_campaign=seda_glo_cor-seda-global-disp-prtnr-fy19-seda-model-bom-cta_sma-317_1&elqCampaignId=32493"; VariantName = "[No Variations]"
Add component (AddParameter): Name = "Value"; Value = ""; VariantName = "[No Variations]"
Added Member To Class: ClassName=Backplane Member=Component J3 5223002-2
Added Member To Class: ClassName=Backplane Member=Component J 6437288-3
Added Room: Name=Backplane
