Removed Pin From Net: NetName=NetJ1_37 Pin=J5-7
Removed Pin From Net: NetName=8.4V Pin=J5-20
Removed Pin From Net: NetName=GND Pin=J5-21
Removed Pin From Net: NetName=5V Pin=J5-22
Removed Pin From Net: NetName=GND Pin=J5-23
Removed Pin From Net: NetName=GND Pin=J5-25
Removed Pin From Net: NetName=5V Pin=J5-26
Removed Pin From Net: NetName=5V Pin=J5-28
Removed Pin From Net: NetName=5V Pin=J5-30
Removed Pin From Net: NetName=5V Pin=J5-32
Removed Pin From Net: NetName=GND Pin=J5-33
Removed Pin From Net: NetName=GND Pin=J5-34
Removed Pin From Net: NetName=NetJ1_43 Pin=J5-47
Removed Pin From Net: NetName=GND Pin=J5-52
Removed Pin From Net: NetName=5V Pin=J5-55
Removed Pin From Net: NetName=5V Pin=J5-57
Removed Pin From Net: NetName=GND Pin=J5-60
Added Pin To Net: NetName=NetJ1_43 Pin=J5-20
Added Pin To Net: NetName=NetJ1_44 Pin=J5-21
Added Pin To Net: NetName=8.4V Pin=J5-22
Added Pin To Net: NetName=8.4V Pin=J5-23
Added Pin To Net: NetName=5V Pin=J5-25
Added Pin To Net: NetName=GND Pin=J5-26
Added Pin To Net: NetName=GND Pin=J5-28
Added Pin To Net: NetName=GND Pin=J5-30
Added Pin To Net: NetName=GND Pin=J5-32
Added Pin To Net: NetName=5V Pin=J5-33
Added Pin To Net: NetName=5V Pin=J5-34
Added Pin To Net: NetName=5V Pin=J5-52
Added Pin To Net: NetName=GND Pin=J5-55
Added Pin To Net: NetName=GND Pin=J5-57
Added Pin To Net: NetName=5V Pin=J5-60
Added Pin To Net: NetName=NetJ5_7 Pin=J5-7
Added Net: Name=NetJ5_7
Added Pin To Net: NetName=NetJ5_47 Pin=J5-47
Added Net: Name=NetJ5_47
