Removed Pin From Net: NetName=+5 Pin=B1-55
Removed Pin From Net: NetName=+5 Pin=B2-55
Added Pin To Net: NetName=NetB1_31 Pin=J1-B3
Added Pin To Net: NetName=NetB1_32 Pin=J1-B4
Added Pin To Net: NetName=NetB1_33 Pin=J1-B5
Added Pin To Net: NetName=NetB1_34 Pin=J1-B6
Added Pin To Net: NetName=NetB2_38 Pin=J1-B7
Added Pin To Net: NetName=NetB2_23 Pin=J1-B9
Added Pin To Net: NetName=NetB2_24 Pin=J1-B10
Added Pin To Net: NetName=NetB1_22 Pin=J1-C3
Added Pin To Net: NetName=NetB1_38 Pin=J1-C4
Added Pin To Net: NetName=NetB1_39 Pin=J1-C5
Added Pin To Net: NetName=NetB1_40 Pin=J1-C6
Added Pin To Net: NetName=NetB1_41 Pin=J1-C7
Added Pin To Net: NetName=NetB2_39 Pin=J1-C8
Added Pin To Net: NetName=NetB2_41 Pin=J1-C10
Added Pin To Net: NetName=NetB1_18 Pin=J1-D1
Added Pin To Net: NetName=NetB1_19 Pin=J1-D2
Added Pin To Net: NetName=NetB1_1 Pin=J1-D3
Added Pin To Net: NetName=NetB1_57 Pin=J1-D4
Added Pin To Net: NetName=NetB1_12 Pin=J1-D5
Added Pin To Net: NetName=NetB1_11 Pin=J1-D6
Added Pin To Net: NetName=NetB1_13 Pin=J1-D7
Added Pin To Net: NetName=NetB2_25 Pin=J1-D10
Added Pin To Net: NetName=NetB2_26 Pin=J1-D11
Added Pin To Net: NetName=NetB2_34 Pin=J1-D12
Added Pin To Net: NetName=+5 Pin=J1-E4
Added Pin To Net: NetName=+5 Pin=J1-E5
Added Pin To Net: NetName=+5 Pin=J1-E6
Added Pin To Net: NetName=+3V3 Pin=J1-E7
Added Pin To Net: NetName=+3V3 Pin=J1-E8
Added Pin To Net: NetName=+3V3 Pin=J1-E9
Added Pin To Net: NetName=GND Pin=J1-E10
Added Pin To Net: NetName=GND Pin=J1-E11
Added Pin To Net: NetName=GND Pin=J1-E12
Added Pin To Net: NetName=+3V3 Pin=J?-1
Added Pin To Net: NetName=+5 Pin=J?-1
Added Pin To Net: NetName=GND Pin=J?-2
Added Pin To Net: NetName=GND Pin=J?-2
Added Pin To Net: NetName=NetJ1_A1 Pin=J1-A1
Added Pin To Net: NetName=NetJ1_A1 Pin=U1-2
Added Net: Name=NetJ1_A1
Added Pin To Net: NetName=NetJ1_A2 Pin=J1-A2
Added Pin To Net: NetName=NetJ1_A2 Pin=U1-1
Added Net: Name=NetJ1_A2
Added Pin To Net: NetName=NetJ1_A3 Pin=J1-A3
Added Pin To Net: NetName=NetJ1_A3 Pin=U1-6
Added Net: Name=NetJ1_A3
Added Pin To Net: NetName=NetJ1_A4 Pin=J1-A4
Added Pin To Net: NetName=NetJ1_A4 Pin=U1-7
Added Net: Name=NetJ1_A4
Added Pin To Net: NetName=NetJ1_A5 Pin=J1-A5
Added Pin To Net: NetName=NetJ1_A5 Pin=U1-10
Added Net: Name=NetJ1_A5
Added Pin To Net: NetName=NetJ1_A6 Pin=J1-A6
Added Pin To Net: NetName=NetJ1_A6 Pin=U1-9
Added Net: Name=NetJ1_A6
Added Pin To Net: NetName=NetJ1_A7 Pin=J1-A7
Added Pin To Net: NetName=NetJ1_A7 Pin=U1-14
Added Net: Name=NetJ1_A7
Added Pin To Net: NetName=NetJ1_A8 Pin=J1-A8
Added Pin To Net: NetName=NetJ1_A8 Pin=U1-15
Added Net: Name=NetJ1_A8
Added Pin To Net: NetName=NetJ1_B1 Pin=J1-B1
Added Pin To Net: NetName=NetJ1_B1 Pin=R5-2
Added Net: Name=NetJ1_B1
Added Pin To Net: NetName=NetJ1_B2 Pin=J1-B2
Added Pin To Net: NetName=NetJ1_B2 Pin=R11-2
Added Net: Name=NetJ1_B2
Added Pin To Net: NetName=NetJ1_B11 Pin=J1-B11
Added Pin To Net: NetName=NetJ1_B11 Pin=R13-2
Added Net: Name=NetJ1_B11
Added Pin To Net: NetName=NetJ1_B12 Pin=J1-B12
Added Pin To Net: NetName=NetJ1_B12 Pin=R15-2
Added Net: Name=NetJ1_B12
Added Pin To Net: NetName=NetJ1_C1 Pin=J1-C1
Added Pin To Net: NetName=NetJ1_C1 Pin=R7-2
Added Net: Name=NetJ1_C1
Added Pin To Net: NetName=NetJ1_C2 Pin=J1-C2
Added Pin To Net: NetName=NetJ1_C2 Pin=R9-2
Added Net: Name=NetJ1_C2
Added Pin To Net: NetName=NetJ1_C9 Pin=J1-C9
Added Pin To Net: NetName=NetJ1_C9 Pin=R3-2
Added Net: Name=NetJ1_C9
Added Pin To Net: NetName=NetJ1_D8 Pin=J1-D8
Added Pin To Net: NetName=NetJ1_D8 Pin=R17-1
Added Pin To Net: NetName=NetJ1_D8 Pin=U3-7
Added Net: Name=NetJ1_D8
Added Pin To Net: NetName=NetJ1_D9 Pin=J1-D9
Added Pin To Net: NetName=NetJ1_D9 Pin=J2-1
Added Pin To Net: NetName=NetJ1_D9 Pin=U3-6
Added Net: Name=NetJ1_D9
Added Member To Class: ClassName=UniConnector Member=Component J? TSW-102-07-L-S
