Add Component: Footprint Not Found RESC2012X60N
Add Component: Footprint Not Found SSEG
Add Component: Footprint Not Found SSEG
Add Component: Footprint Not Found SSEG
Add Component: Footprint Not Found SSEG
Add Pin To Net: Unknown Pin: Pin R1-1
Add Pin To Net: Unknown Pin: Pin R1-2
Add Pin To Net: Unknown Pin: Pin U8-1
Add Pin To Net: Unknown Pin: Pin U8-2
Add Pin To Net: Unknown Pin: Pin U8-3
Add Pin To Net: Unknown Pin: Pin U8-4
Add Pin To Net: Unknown Pin: Pin U8-5
Add Pin To Net: Unknown Pin: Pin U8-6
Add Pin To Net: Unknown Pin: Pin U8-7
Add Pin To Net: Unknown Pin: Pin U8-8
Add Pin To Net: Unknown Pin: Pin U8-9
Add Pin To Net: Unknown Pin: Pin U8-10
Add Pin To Net: Unknown Pin: Pin U9-1
Add Pin To Net: Unknown Pin: Pin U9-2
Add Pin To Net: Unknown Pin: Pin U9-3
Add Pin To Net: Unknown Pin: Pin U9-4
Add Pin To Net: Unknown Pin: Pin U9-5
Add Pin To Net: Unknown Pin: Pin U9-6
Add Pin To Net: Unknown Pin: Pin U9-7
Add Pin To Net: Unknown Pin: Pin U9-8
Add Pin To Net: Unknown Pin: Pin U9-9
Add Pin To Net: Unknown Pin: Pin U9-10
Add Pin To Net: Unknown Pin: Pin U10-1
Add Pin To Net: Unknown Pin: Pin U10-2
Add Pin To Net: Unknown Pin: Pin U10-3
Add Pin To Net: Unknown Pin: Pin U10-4
Add Pin To Net: Unknown Pin: Pin U10-5
Add Pin To Net: Unknown Pin: Pin U10-6
Add Pin To Net: Unknown Pin: Pin U10-7
Add Pin To Net: Unknown Pin: Pin U10-8
Add Pin To Net: Unknown Pin: Pin U10-9
Add Pin To Net: Unknown Pin: Pin U10-10
Add Pin To Net: Unknown Pin: Pin U11-1
Add Pin To Net: Unknown Pin: Pin U11-2
Add Pin To Net: Unknown Pin: Pin U11-3
Add Pin To Net: Unknown Pin: Pin U11-4
Add Pin To Net: Unknown Pin: Pin U11-5
Add Pin To Net: Unknown Pin: Pin U11-6
Add Pin To Net: Unknown Pin: Pin U11-7
Add Pin To Net: Unknown Pin: Pin U11-8
Add Pin To Net: Unknown Pin: Pin U11-9
Add Pin To Net: Unknown Pin: Pin U11-10
Add Class Member: Failed to add class member : Component R1 10k_MCP
Add Class Member: Failed to add class member : Component U8 Dual Seven Segment Display
Add Class Member: Failed to add class member : Component U9 Dual Seven Segment Display
Add Class Member: Failed to add class member : Component U10 Dual Seven Segment Display
Add Class Member: Failed to add class member : Component U11 Dual Seven Segment Display
