Removed Member From Class: ClassName=frontbreakoutSchematic Member=R?
Removed Member From Class: ClassName=ssegs_and_registers Member=U?
Change Component Designator: OldDesignator=C? NewDesignator=C4
Change Component Designator: OldDesignator=C? NewDesignator=C5
Change Component Designator: OldDesignator=C? NewDesignator=C6
Change Component Designator: OldDesignator=R? NewDesignator=R10
Change Component Designator: OldDesignator=R? NewDesignator=R11
Change Component Designator: OldDesignator=R? NewDesignator=R12
Change Component Designator: OldDesignator=R? NewDesignator=R13
Change Component Designator: OldDesignator=R? NewDesignator=R14
Change Component Designator: OldDesignator=R? NewDesignator=R15
Change Component Designator: OldDesignator=R? NewDesignator=R16
Change Component Designator: OldDesignator=R? NewDesignator=R17
Change Component Designator: OldDesignator=R? NewDesignator=R18
Change Component Designator: OldDesignator=R? NewDesignator=R19
Change Component Designator: OldDesignator=R? NewDesignator=R20
Change Component Designator: OldDesignator=R? NewDesignator=R21
Change Component Designator: OldDesignator=R? NewDesignator=R22
Change Component Designator: OldDesignator=R? NewDesignator=R23
Change Component Designator: OldDesignator=R? NewDesignator=R24
Change Component Designator: OldDesignator=R? NewDesignator=R25
Change Component Designator: OldDesignator=R? NewDesignator=R26
Change Component Designator: OldDesignator=R? NewDesignator=R27
Change Component Designator: OldDesignator=R? NewDesignator=R28
Change Component Designator: OldDesignator=R? NewDesignator=R29
Change Component Designator: OldDesignator=R? NewDesignator=R30
Change Component Designator: OldDesignator=R? NewDesignator=R31
Change Component Designator: OldDesignator=R? NewDesignator=R32
Change Component Designator: OldDesignator=R? NewDesignator=R33
Change Component Designator: OldDesignator=R? NewDesignator=R34
Change Component Designator: OldDesignator=R? NewDesignator=R35
Change Component Designator: OldDesignator=R? NewDesignator=R36
Change Component Designator: OldDesignator=R? NewDesignator=R37
Change Component Designator: OldDesignator=U? NewDesignator=U5
Change Component Designator: OldDesignator=U? NewDesignator=U6
Change Component Designator: OldDesignator=U? NewDesignator=U7
Change Component Designator: OldDesignator=U? NewDesignator=U8
Change Component Designator: OldDesignator=U? NewDesignator=U9
Change Component Designator: OldDesignator=U? NewDesignator=U10
Change Component Designator: OldDesignator=U? NewDesignator=U11
Add Component: Footprint Not Found RESC2012X60N
Add Pin To Net: Unknown Pin: Pin R1-1
Add Pin To Net: Unknown Pin: Pin R1-2
Change Net Name : Old Net Name=NetR?_1 New Net Name=NetR16_1
Change Net Name : Old Net Name=NetR?_2 New Net Name=NetR37_2
Added Pin To Net: NetName=NetR14_1 Pin=R14-1
Added Pin To Net: NetName=NetR14_1 Pin=U5-15
Added Net: Name=NetR14_1
Added Pin To Net: NetName=NetR14_2 Pin=R14-2
Added Pin To Net: NetName=NetR14_2 Pin=U10-10
Added Net: Name=NetR14_2
Added Pin To Net: NetName=NetR15_1 Pin=R15-1
Added Pin To Net: NetName=NetR15_1 Pin=U5-1
Added Net: Name=NetR15_1
Added Pin To Net: NetName=NetR15_2 Pin=R15-2
Added Pin To Net: NetName=NetR15_2 Pin=U10-8
Added Net: Name=NetR15_2
Added Pin To Net: NetName=NetR16_2 Pin=R16-2
Added Pin To Net: NetName=NetR16_2 Pin=U10-1
Added Net: Name=NetR16_2
Added Pin To Net: NetName=NetR17_1 Pin=R17-1
Added Pin To Net: NetName=NetR17_1 Pin=U5-3
Added Net: Name=NetR17_1
Added Pin To Net: NetName=NetR17_2 Pin=R17-2
Added Pin To Net: NetName=NetR17_2 Pin=U10-5
Added Net: Name=NetR17_2
Added Pin To Net: NetName=NetR18_1 Pin=R18-1
Added Pin To Net: NetName=NetR18_1 Pin=U5-4
Added Net: Name=NetR18_1
Added Pin To Net: NetName=NetR18_2 Pin=R18-2
Added Pin To Net: NetName=NetR18_2 Pin=U10-3
Added Net: Name=NetR18_2
Added Pin To Net: NetName=NetR19_1 Pin=R19-1
Added Pin To Net: NetName=NetR19_1 Pin=U5-5
Added Net: Name=NetR19_1
Added Pin To Net: NetName=NetR19_2 Pin=R19-2
Added Pin To Net: NetName=NetR19_2 Pin=U10-6
Added Net: Name=NetR19_2
Added Pin To Net: NetName=NetR20_1 Pin=R20-1
Added Pin To Net: NetName=NetR20_1 Pin=U5-6
Added Net: Name=NetR20_1
Added Pin To Net: NetName=NetR20_2 Pin=R20-2
Added Pin To Net: NetName=NetR20_2 Pin=U10-7
Added Net: Name=NetR20_2
Added Pin To Net: NetName=NetR21_1 Pin=R21-1
Added Pin To Net: NetName=NetR21_1 Pin=U5-7
Added Net: Name=NetR21_1
Added Pin To Net: NetName=NetR21_2 Pin=R21-2
Added Pin To Net: NetName=NetR21_2 Pin=U10-2
Added Net: Name=NetR21_2
Added Pin To Net: NetName=NetR22_1 Pin=R22-1
Added Pin To Net: NetName=NetR22_1 Pin=U6-15
Added Net: Name=NetR22_1
Added Pin To Net: NetName=NetR22_2 Pin=R22-2
Added Pin To Net: NetName=NetR22_2 Pin=U9-10
Added Net: Name=NetR22_2
Added Pin To Net: NetName=NetR23_1 Pin=R23-1
Added Pin To Net: NetName=NetR23_1 Pin=U7-15
Added Net: Name=NetR23_1
Added Pin To Net: NetName=NetR23_2 Pin=R23-2
Added Pin To Net: NetName=NetR23_2 Pin=U11-10
Added Net: Name=NetR23_2
Added Pin To Net: NetName=NetR24_1 Pin=R24-1
Added Pin To Net: NetName=NetR24_1 Pin=U6-1
Added Net: Name=NetR24_1
Added Pin To Net: NetName=NetR24_2 Pin=R24-2
Added Pin To Net: NetName=NetR24_2 Pin=U9-8
Added Net: Name=NetR24_2
Added Pin To Net: NetName=NetR25_1 Pin=R25-1
Added Pin To Net: NetName=NetR25_1 Pin=U7-1
Added Net: Name=NetR25_1
Added Pin To Net: NetName=NetR25_2 Pin=R25-2
Added Pin To Net: NetName=NetR25_2 Pin=U11-8
Added Net: Name=NetR25_2
Added Pin To Net: NetName=NetR26_1 Pin=R26-1
Added Pin To Net: NetName=NetR26_1 Pin=U6-2
Added Net: Name=NetR26_1
Added Pin To Net: NetName=NetR26_2 Pin=R26-2
Added Pin To Net: NetName=NetR26_2 Pin=U9-1
Added Net: Name=NetR26_2
Added Pin To Net: NetName=NetR27_1 Pin=R27-1
Added Pin To Net: NetName=NetR27_1 Pin=U7-2
Added Net: Name=NetR27_1
Added Pin To Net: NetName=NetR27_2 Pin=R27-2
Added Pin To Net: NetName=NetR27_2 Pin=U11-1
Added Net: Name=NetR27_2
Added Pin To Net: NetName=NetR28_1 Pin=R28-1
Added Pin To Net: NetName=NetR28_1 Pin=U6-3
Added Net: Name=NetR28_1
Added Pin To Net: NetName=NetR28_2 Pin=R28-2
Added Pin To Net: NetName=NetR28_2 Pin=U9-5
Added Net: Name=NetR28_2
Added Pin To Net: NetName=NetR29_1 Pin=R29-1
Added Pin To Net: NetName=NetR29_1 Pin=U7-3
Added Net: Name=NetR29_1
Added Pin To Net: NetName=NetR29_2 Pin=R29-2
Added Pin To Net: NetName=NetR29_2 Pin=U11-5
Added Net: Name=NetR29_2
Added Pin To Net: NetName=NetR30_1 Pin=R30-1
Added Pin To Net: NetName=NetR30_1 Pin=U6-4
Added Net: Name=NetR30_1
Added Pin To Net: NetName=NetR30_2 Pin=R30-2
Added Pin To Net: NetName=NetR30_2 Pin=U9-3
Added Net: Name=NetR30_2
Added Pin To Net: NetName=NetR31_1 Pin=R31-1
Added Pin To Net: NetName=NetR31_1 Pin=U7-4
Added Net: Name=NetR31_1
Added Pin To Net: NetName=NetR31_2 Pin=R31-2
Added Pin To Net: NetName=NetR31_2 Pin=U11-3
Added Net: Name=NetR31_2
Added Pin To Net: NetName=NetR32_1 Pin=R32-1
Added Pin To Net: NetName=NetR32_1 Pin=U6-5
Added Net: Name=NetR32_1
Added Pin To Net: NetName=NetR32_2 Pin=R32-2
Added Pin To Net: NetName=NetR32_2 Pin=U9-6
Added Net: Name=NetR32_2
Added Pin To Net: NetName=NetR33_1 Pin=R33-1
Added Pin To Net: NetName=NetR33_1 Pin=U7-5
Added Net: Name=NetR33_1
Added Pin To Net: NetName=NetR33_2 Pin=R33-2
Added Pin To Net: NetName=NetR33_2 Pin=U11-6
Added Net: Name=NetR33_2
Added Pin To Net: NetName=NetR34_1 Pin=R34-1
Added Pin To Net: NetName=NetR34_1 Pin=U6-6
Added Net: Name=NetR34_1
Added Pin To Net: NetName=NetR34_2 Pin=R34-2
Added Pin To Net: NetName=NetR34_2 Pin=U9-7
Added Net: Name=NetR34_2
Added Pin To Net: NetName=NetR35_1 Pin=R35-1
Added Pin To Net: NetName=NetR35_1 Pin=U7-6
Added Net: Name=NetR35_1
Added Pin To Net: NetName=NetR35_2 Pin=R35-2
Added Pin To Net: NetName=NetR35_2 Pin=U11-7
Added Net: Name=NetR35_2
Added Pin To Net: NetName=NetR36_1 Pin=R36-1
Added Pin To Net: NetName=NetR36_1 Pin=U6-7
Added Net: Name=NetR36_1
Added Pin To Net: NetName=NetR36_2 Pin=R36-2
Added Pin To Net: NetName=NetR36_2 Pin=U9-2
Added Net: Name=NetR36_2
Added Pin To Net: NetName=NetR37_1 Pin=R37-1
Added Pin To Net: NetName=NetR37_1 Pin=U7-7
Added Net: Name=NetR37_1
Added Member To Class: ClassName=ssegs_and_registers Member=Component C4 0.1 µF
Added Member To Class: ClassName=ssegs_and_registers Member=Component C6 0.1 µF
Add Class Member: Failed to add class member : Component R1 10k_MCP
Added Member To Class: ClassName=frontbreakoutSchematic Member=Component R10 10k_EHALL1_VD1
Added Member To Class: ClassName=frontbreakoutSchematic Member=Component R11 10k_EHALL1_VD1
Added Member To Class: ClassName=frontbreakoutSchematic Member=Component R12 10k_EHALL1_VD1
Added Member To Class: ClassName=frontbreakoutSchematic Member=Component R13 10k_EHALL1_VD1
Added Member To Class: ClassName=ssegs_and_registers Member=Component R14 LTR10EZPJ471
Added Member To Class: ClassName=ssegs_and_registers Member=Component R15 LTR10EZPJ471
Added Member To Class: ClassName=ssegs_and_registers Member=Component R16 LTR10EZPJ471
Added Member To Class: ClassName=ssegs_and_registers Member=Component R17 LTR10EZPJ471
Added Member To Class: ClassName=ssegs_and_registers Member=Component R18 LTR10EZPJ471
Added Member To Class: ClassName=ssegs_and_registers Member=Component R19 LTR10EZPJ471
Added Member To Class: ClassName=ssegs_and_registers Member=Component R20 LTR10EZPJ471
Added Member To Class: ClassName=ssegs_and_registers Member=Component R21 LTR10EZPJ471
Added Member To Class: ClassName=ssegs_and_registers Member=Component R22 LTR10EZPJ471
Added Member To Class: ClassName=ssegs_and_registers Member=Component R23 LTR10EZPJ471
Added Member To Class: ClassName=ssegs_and_registers Member=Component R25 LTR10EZPJ471
Added Member To Class: ClassName=ssegs_and_registers Member=Component R26 LTR10EZPJ471
Added Member To Class: ClassName=ssegs_and_registers Member=Component R27 LTR10EZPJ471
Added Member To Class: ClassName=ssegs_and_registers Member=Component R28 LTR10EZPJ471
Added Member To Class: ClassName=ssegs_and_registers Member=Component R29 LTR10EZPJ471
Added Member To Class: ClassName=ssegs_and_registers Member=Component R30 LTR10EZPJ471
Added Member To Class: ClassName=ssegs_and_registers Member=Component R31 LTR10EZPJ471
Added Member To Class: ClassName=ssegs_and_registers Member=Component R32 LTR10EZPJ471
Added Member To Class: ClassName=ssegs_and_registers Member=Component R33 LTR10EZPJ471
Added Member To Class: ClassName=ssegs_and_registers Member=Component R34 LTR10EZPJ471
Added Member To Class: ClassName=ssegs_and_registers Member=Component R35 LTR10EZPJ471
Added Member To Class: ClassName=ssegs_and_registers Member=Component R36 LTR10EZPJ471
Added Member To Class: ClassName=ssegs_and_registers Member=Component R37 LTR10EZPJ471
Added Member To Class: ClassName=ssegs_and_registers Member=Component U5 SN74HC595DRG3
Added Member To Class: ClassName=ssegs_and_registers Member=Component U6 SN74HC595DRG3
Added Member To Class: ClassName=ssegs_and_registers Member=Component U7 SN74HC595DRG3
Added Member To Class: ClassName=SEX Member=Component U8 Dual Seven Segment Display
Added Member To Class: ClassName=SEX Member=Component U9 Dual Seven Segment Display
Added Member To Class: ClassName=SEX Member=Component U11 Dual Seven Segment Display
