Add Component: Footprint Not Found RESC2012X60N
Added Component: Designator=U8(SSEG)
Added Component: Designator=U9(SSEG)
Added Component: Designator=U10(SSEG)
Added Component: Designator=U11(SSEG)
Add Pin To Net: Unknown Pin: Pin R1-1
Add Pin To Net: Unknown Pin: Pin R1-2
Added Pin To Net: NetName=NetR4_2 Pin=U8-1
Added Pin To Net: NetName=NetR9_2 Pin=U8-2
Added Pin To Net: NetName=NetR6_2 Pin=U8-3
Added Pin To Net: NetName=NetB1_2 Pin=U8-4
Added Pin To Net: NetName=NetR5_2 Pin=U8-5
Added Pin To Net: NetName=NetR7_2 Pin=U8-6
Added Pin To Net: NetName=NetR8_2 Pin=U8-7
Added Pin To Net: NetName=NetR3_2 Pin=U8-8
Added Pin To Net: NetName=NetB1_1 Pin=U8-9
Added Pin To Net: NetName=NetR2_2 Pin=U8-10
Added Pin To Net: NetName=NetR26_2 Pin=U9-1
Added Pin To Net: NetName=NetR36_2 Pin=U9-2
Added Pin To Net: NetName=NetR30_2 Pin=U9-3
Added Pin To Net: NetName=NetB1_4 Pin=U9-4
Added Pin To Net: NetName=NetR28_2 Pin=U9-5
Added Pin To Net: NetName=NetR32_2 Pin=U9-6
Added Pin To Net: NetName=NetR34_2 Pin=U9-7
Added Pin To Net: NetName=NetR24_2 Pin=U9-8
Added Pin To Net: NetName=NetB1_3 Pin=U9-9
Added Pin To Net: NetName=NetR22_2 Pin=U9-10
Added Pin To Net: NetName=NetR16_2 Pin=U10-1
Added Pin To Net: NetName=NetR21_2 Pin=U10-2
Added Pin To Net: NetName=NetR18_2 Pin=U10-3
Added Pin To Net: NetName=NetB1_6 Pin=U10-4
Added Pin To Net: NetName=NetR17_2 Pin=U10-5
Added Pin To Net: NetName=NetR19_2 Pin=U10-6
Added Pin To Net: NetName=NetR20_2 Pin=U10-7
Added Pin To Net: NetName=NetR15_2 Pin=U10-8
Added Pin To Net: NetName=NetB1_5 Pin=U10-9
Added Pin To Net: NetName=NetR14_2 Pin=U10-10
Added Pin To Net: NetName=NetR27_2 Pin=U11-1
Added Pin To Net: NetName=NetR37_2 Pin=U11-2
Added Pin To Net: NetName=NetR31_2 Pin=U11-3
Added Pin To Net: NetName=NetB1_8 Pin=U11-4
Added Pin To Net: NetName=NetR29_2 Pin=U11-5
Added Pin To Net: NetName=NetR33_2 Pin=U11-6
Added Pin To Net: NetName=NetR35_2 Pin=U11-7
Added Pin To Net: NetName=NetR25_2 Pin=U11-8
Added Pin To Net: NetName=NetB1_7 Pin=U11-9
Added Pin To Net: NetName=NetR23_2 Pin=U11-10
Add Class Member: Failed to add class member : Component R1 10k_MCP
Added Member To Class: ClassName=ssegs_and_registers Member=Component R24 LTR10EZPJ471
Added Member To Class: ClassName=SEX Member=Component U8 Dual Seven Segment Display
Added Member To Class: ClassName=SEX Member=Component U9 Dual Seven Segment Display
Added Member To Class: ClassName=SEX Member=Component U10 Dual Seven Segment Display
Added Member To Class: ClassName=SEX Member=Component U11 Dual Seven Segment Display
