Added Component: Designator=B1(TEENSY41)
Add component (AddParameter): Name = "Arrow Part Number"; Value = ""; VariantName = "[No Variations]"
Add component (AddParameter): Name = "Arrow Price/Stock"; Value = ""; VariantName = "[No Variations]"
Add component (AddParameter): Name = "Datasheet Link"; Value = "https://www.pjrc.com/store/teensy41.html"; VariantName = "[No Variations]"
Add component (AddParameter): Name = "Manufacturer_Name"; Value = "PJRC"; VariantName = "[No Variations]"
Add component (AddParameter): Name = "Manufacturer_Part_Number"; Value = "TEENSY 4.1"; VariantName = "[No Variations]"
Add component (AddParameter): Name = "Mouser Part Number"; Value = ""; VariantName = "[No Variations]"
Add component (AddParameter): Name = "Mouser Price/Stock"; Value = ""; VariantName = "[No Variations]"
Add component (AddParameter): Name = "Mouser Testing Part Number"; Value = ""; VariantName = "[No Variations]"
Add component (AddParameter): Name = "Mouser Testing Price/Stock"; Value = ""; VariantName = "[No Variations]"
Added Component: Designator=J1(FP-B3B-XH-A_LF_SN-MFG)
Added Component: Designator=J2(FP-B2B-XH-A_LF_SN-MFG)
Added Component: Designator=J3(FP-B2B-XH-A_LF_SN-MFG)
Added Component: Designator=J4(FP-B2B-XH-A_LF_SN-MFG)
Added Component: Designator=J5(FP-B2B-XH-A_LF_SN-MFG)
Added Component: Designator=J6(FP-B3B-XH-A_LF_SN-MFG)
Added Component: Designator=J7(FP-B2B-XH-A_LF_SN-MFG)
Added Component: Designator=J8(FP-B2B-XH-A_LF_SN-MFG)
Added Component: Designator=J9(FP-B2B-XH-A_LF_SN-MFG)
Added Component: Designator=J10(FP-B2B-XH-A_LF_SN-MFG)
Added Component: Designator=J11(FP-B2B-XH-A_LF_SN-MFG)
Added Component: Designator=J(TE_DT15-12PA)
Add component (AddParameter): Name = "Availability"; Value = "Unavailable"; VariantName = "[No Variations]"
Add component (AddParameter): Name = "MF"; Value = "TE Connectivity"; VariantName = "[No Variations]"
Add component (AddParameter): Name = "MP"; Value = "DT15-12PA"; VariantName = "[No Variations]"
Add component (AddParameter): Name = "Package"; Value = "None"; VariantName = "[No Variations]"
Add component (AddParameter): Name = "Price"; Value = "None"; VariantName = "[No Variations]"
Add component (AddParameter): Name = "SnapEDA_Link"; Value = "https://www.snapeda.com/parts/DT15-12PA/TE%20Connectivity%20Deutsch%20Connectors/view-part/2279777/?ref=snap"; VariantName = "[No Variations]"
Add component (AddParameter): Name = "Value"; Value = ""; VariantName = "[No Variations]"
Add Component: Footprint Not Found RESC2012X60N
Added Component: Designator=U1(TO220)
Added Component: Designator=U3(FP-SOT96-1-IPC_A)
Added Component: Designator=U4(FP-C04-051-MFG)
Added Pin To Net: NetName=GND Pin=B1-48
Added Pin To Net: NetName=GND Pin=B1-49
Added Pin To Net: NetName=+5 Pin=B1-55
Added Pin To Net: NetName=GND Pin=B1-69
Added Pin To Net: NetName=GND Pin=B1-70
Added Pin To Net: NetName=GND Pin=B1-71
Add Pin To Net: Unknown Pin: Pin J1-3
Add Pin To Net: Unknown Pin: Pin J2-2
Add Pin To Net: Unknown Pin: Pin J4-2
Add Pin To Net: Unknown Pin: Pin J5-2
Add Pin To Net: Unknown Pin: Pin J6-3
Add Pin To Net: Unknown Pin: Pin J7-2
Add Pin To Net: Unknown Pin: Pin J9-2
Add Pin To Net: Unknown Pin: Pin J10-2
Added Pin To Net: NetName=NetJ_1 Pin=J-1
Added Pin To Net: NetName=NetJ_2 Pin=J-2
Added Pin To Net: NetName=GND Pin=J-4
Add Pin To Net: Unknown Pin: Pin R1-1
Add Pin To Net: Unknown Pin: Pin R1-2
Add Pin To Net: Unknown Pin: Pin U1-1
Add Pin To Net: Unknown Pin: Pin U1-2
Add Pin To Net: Unknown Pin: Pin U3-1
Add Pin To Net: Unknown Pin: Pin U3-2
Add Pin To Net: Unknown Pin: Pin U3-3
Add Pin To Net: Unknown Pin: Pin U3-4
Add Pin To Net: Unknown Pin: Pin U3-6
Add Pin To Net: Unknown Pin: Pin U3-7
Add Pin To Net: Unknown Pin: Pin U4-1
Add Pin To Net: Unknown Pin: Pin U4-2
Add Pin To Net: Unknown Pin: Pin U4-7
Add Pin To Net: Unknown Pin: Pin U4-8
Add Pin To Net: Unknown Pin: Pin U4-9
Add Pin To Net: Unknown Pin: Pin U4-12
Add Pin To Net: Unknown Pin: Pin U4-13
Add Pin To Net: Unknown Pin: Pin U4-17
Add Pin To Net: Unknown Pin: Pin U4-18
Added Pin To Net: NetName=NetB1_10 Pin=B1-10
Added Net: Name=NetB1_10
Added Pin To Net: NetName=NetB1_11 Pin=B1-11
Added Net: Name=NetB1_11
Added Pin To Net: NetName=NetB1_12 Pin=B1-12
Added Net: Name=NetB1_12
Added Net: Name=NetJ1_1
Added Pin To Net: NetName=NetJ1_2 Pin=J-3
Added Net: Name=NetJ1_2
Added Net: Name=NetJ2_1
Added Net: Name=NetJ3_1
Added Net: Name=NetJ4_1
Added Net: Name=NetJ5_1
Added Net: Name=NetJ6_1
Added Net: Name=NetJ7_1
Added Net: Name=NetJ8_1
Added Net: Name=NetJ9_1
Added Net: Name=NetJ10_1
Added Net: Name=NetJ11_1
Added Member To Class: ClassName=frontbreakoutSchematic Member=Component B1 TEENSY_4.1
Add Class Member: Failed to add class member : Component J1 B3B-XH-A(LF)(SN)
Add Class Member: Failed to add class member : Component J2 B2B-XH-A(LF)(SN)
Add Class Member: Failed to add class member : Component J3 B2B-XH-A(LF)(SN)
Add Class Member: Failed to add class member : Component J4 B2B-XH-A(LF)(SN)
Add Class Member: Failed to add class member : Component J5 B2B-XH-A(LF)(SN)
Add Class Member: Failed to add class member : Component J6 B3B-XH-A(LF)(SN)
Add Class Member: Failed to add class member : Component J7 B2B-XH-A(LF)(SN)
Add Class Member: Failed to add class member : Component J8 B2B-XH-A(LF)(SN)
Add Class Member: Failed to add class member : Component J9 B2B-XH-A(LF)(SN)
Add Class Member: Failed to add class member : Component J10 B2B-XH-A(LF)(SN)
Add Class Member: Failed to add class member : Component J11 B2B-XH-A(LF)(SN)
Added Member To Class: ClassName=frontbreakoutSchematic Member=Component J DT15-12PA
Add Class Member: Failed to add class member : Component R1 10k_MCP
Add Class Member: Failed to add class member : Component U1 LD1117V50
Add Class Member: Failed to add class member : Component U3 TJA1050T/CM,118
Add Class Member: Failed to add class member : Component U4 MCP2515-I/SO
