Removed Pin From Net: NetName=GND Pin=C9-1
Removed Member From Class: ClassName=Powerboard_schematic Member=C9
Add Component: Footprint Not Found SD2114_AVX
Add Component: Footprint Not Found SD2114_AVX
Add Component: Footprint Not Found CONN_691213510002_WRE
Add Component: Footprint Not Found CONN_691213510002_WRE
Add Component: Footprint Not Found CONN_691213510002_WRE
Add Component: Footprint Not Found CONN_691213510002_WRE
Add Pin To Net: Unknown Pin: Pin CR1-1
Add Pin To Net: Unknown Pin: Pin CR1-2
Add Pin To Net: Unknown Pin: Pin CR2-1
Add Pin To Net: Unknown Pin: Pin CR2-2
Add Pin To Net: Unknown Pin: Pin J?-1
Add Pin To Net: Unknown Pin: Pin J?-1
Add Pin To Net: Unknown Pin: Pin J?-1
Add Pin To Net: Unknown Pin: Pin J?-2
Add Pin To Net: Unknown Pin: Pin J?-2
Add Pin To Net: Unknown Pin: Pin J?-2
Add Pin To Net: Unknown Pin: Pin J?-2
Added Pin To Net: NetName=GND Pin=R9-2
Added Pin To Net: NetName=NetJ?_1 Pin=R10-1
Added Pin To Net: NetName=NetJ?_1 Pin=R11-2
Added Net: Name=NetJ?_1
Add Class Member: Failed to add class member : Component CR1 SD2114S040S8R0
Add Class Member: Failed to add class member : Component CR2 SD2114S040S8R0
Add Class Member: Failed to add class member : Component J? 691213510002
Add Class Member: Failed to add class member : Component J? 691213510002
Add Class Member: Failed to add class member : Component J? 691213510002
Add Class Member: Failed to add class member : Component J? 691213510002
Added Room: Name=Powerboard_schematic
