Removed Pin From Net: NetName=GND Pin=R9-2
Change Component Footprint: Designator=C4 Old Footprint=FP-C2012-125-0_2-IPC_B New Footprint=CAPC2013X140X50NL20T25
Change Component Comment : Designator=C4 Old Comment=C2012X5R1H475K125AB New Comment=08055C104K4Z2A
Change Managed Component Library Link : Designator=C4 Old VaultGUID=B7D15EC3-160A-466F-A46C-7801FE6295A7 New VaultGUID=B7D15EC3-160A-466F-A46C-7801FE6295A7 Old ItemGUID=9E13B18A-1455-4E3F-B620-C93D7C36D009 New ItemGUID=BED34A2F-BC61-48E3-AF7D-376737445EAF Old RevisionGUID=790A9EC0-9039-430A-9C6F-C41E1143A6CD New RevisionGUID=047CED5A-706D-4AB7-94CF-F881BCD5E150
Change component parameters: Designator = "C4" ("C4"); Footprint = "FP-C2012-125-0_2-IPC_B"; UniqueID = "\QLUSJXQC" ("\QLUSJXQC")
Change component parameters (AddParameter): Name = "Manufacturer"; Value = "AVX Interconnect / Elco"; VariantName = "[No Variations]"
Change component parameters (AddParameter): Name = "Part Number"; Value = "08055C104K4Z2A"; VariantName = "[No Variations]"
Added Component: Designator=C50(CAPC2013X145X48ML20T23)
Add component (AddParameter): Name = "Manufacturer"; Value = "Vitramon"; VariantName = "[No Variations]"
Add component (AddParameter): Name = "Part Number"; Value = "VJ0805A1R0CXACW1BC"; VariantName = "[No Variations]"
Added Component: Designator=C?(FP-CBR08C-MFG)
Add component (AddParameter): Name = "Automotive"; Value = "No"; VariantName = "[No Variations]"
Add component (AddParameter): Name = "Capacitance"; Value = "47 pF"; VariantName = "[No Variations]"
Add component (AddParameter): Name = "Category"; Value = "Cap"; VariantName = "[No Variations]"
Add component (AddParameter): Name = "ComponentLink2Description"; Value = "Datasheet"; VariantName = "[No Variations]"
Add component (AddParameter): Name = "ComponentLink2URL"; Value = "https://content.kemet.com/datasheets/KEM_C1030_CBR_SMD.pdf"; VariantName = "[No Variations]"
Add component (AddParameter): Name = "Device Class L1"; Value = "Passive Components"; VariantName = "[No Variations]"
Add component (AddParameter): Name = "Device Class L2"; Value = "Capacitors"; VariantName = "[No Variations]"
Add component (AddParameter): Name = "Device Class L3"; Value = "Ceramic Capacitors"; VariantName = "[No Variations]"
Add component (AddParameter): Name = "Digikey Description"; Value = "CAP CER 47PF 250V C0G/NP0 0805"; VariantName = "[No Variations]"
Add component (AddParameter): Name = "Height"; Value = "0.95mm"; VariantName = "[No Variations]"
Add component (AddParameter): Name = "Ipc Land Pattern Name"; Value = "CAPC200125X85"; VariantName = "[No Variations]"
Add component (AddParameter): Name = "Lead Free"; Value = "Yes"; VariantName = "[No Variations]"
Add component (AddParameter): Name = "Manufacturer"; Value = "KEMET"; VariantName = "[No Variations]"
Add component (AddParameter): Name = "Manufacturer Part Number"; Value = "CBR08C470FAGAC"; VariantName = "[No Variations]"
Add component (AddParameter): Name = "Material"; Value = "Ceramic"; VariantName = "[No Variations]"
Add component (AddParameter): Name = "Octopart"; Value = "https://octopart.com/cbr08c470fagac-kemet-23843310"; VariantName = "[No Variations]"
Add component (AddParameter): Name = "Package"; Value = "CBR08C"; VariantName = "[No Variations]"
Add component (AddParameter): Name = "RoHS"; Value = "TRUE"; VariantName = "[No Variations]"
Add component (AddParameter): Name = "Temperature"; Value = "-55°C to +125°C"; VariantName = "[No Variations]"
Add component (AddParameter): Name = "Temperature Characteristic"; Value = "C0G"; VariantName = "[No Variations]"
Add component (AddParameter): Name = "Temperature Coefficient"; Value = "30ppm/°C"; VariantName = "[No Variations]"
Add component (AddParameter): Name = "Temperature Range High"; Value = "+125°C"; VariantName = "[No Variations]"
Add component (AddParameter): Name = "Temperature Range Low"; Value = "-55°C"; VariantName = "[No Variations]"
Add component (AddParameter): Name = "Tolerance"; Value = "0.01"; VariantName = "[No Variations]"
Add component (AddParameter): Name = "Value"; Value = "47 pF"; VariantName = "[No Variations]"
Add component (AddParameter): Name = "Voltage Rating"; Value = "250 V"; VariantName = "[No Variations]"
Add Component: Footprint Not Found SD2114_AVX
Add Component: Footprint Not Found SD2114_AVX
Added Pin To Net: NetName=GND Pin=C?-1
Add Pin To Net: Unknown Pin: Pin CR1-1
Add Pin To Net: Unknown Pin: Pin CR1-2
Add Pin To Net: Unknown Pin: Pin CR2-1
Add Pin To Net: Unknown Pin: Pin CR2-2
Added Pin To Net: NetName=NetC50_1 Pin=C50-1
Added Pin To Net: NetName=NetC50_1 Pin=R9-3
Added Net: Name=NetC50_1
Added Pin To Net: NetName=NetC50_2 Pin=C50-2
Added Pin To Net: NetName=NetC50_2 Pin=U1-5
Added Net: Name=NetC50_2
Added Pin To Net: NetName=NetC?_2 Pin=C?-2
Added Pin To Net: NetName=NetC?_2 Pin=R9-2
Added Net: Name=NetC?_2
Added Member To Class: ClassName=Powerboard_schematic Member=Component C50 VJ0805A1R0CXACW1BC
Added Member To Class: ClassName=Powerboard_schematic Member=Component C? CBR08C470FAGAC
Add Class Member: Failed to add class member : Component CR1 SD2114S040S8R0
Add Class Member: Failed to add class member : Component CR2 SD2114S040S8R0
