Removed Pin From Net: NetName=12V Pin=L?-1
Removed Pin From Net: NetName=NetC7_2 Pin=L?-2
Removed Member From Class: ClassName=Powerboard_schematic Member=L?
Change Component Footprint: Designator=L1 Old Footprint=0402-A New Footprint=IND_CTDO1813PF-223HC_CTH
Change Component Comment : Designator=C2 Old Comment=08055C104K4Z2A New Comment=0.1 µF
Change Component Comment : Designator=C7 Old Comment=08055C104K4Z2A New Comment=0.1 µF
Change Component Comment : Designator=C3 Old Comment=08055C104K4Z2A New Comment=2.2 µF
Change Component Comment : Designator=C8 Old Comment=08055C104K4Z2A New Comment=2.2 µF
Change Component Comment : Designator=C4 Old Comment=08055C104K4Z2A New Comment=4.7 µF
Change Component Comment : Designator=C1 Old Comment=08055C104K4Z2A New Comment=22 pF
Change Component Comment : Designator=C6 Old Comment=08055C104K4Z2A New Comment=22 pF
Change Component Comment : Designator=C5 Old Comment=08055C104K4Z2A New Comment=1000 pF
Change Component Comment : Designator=C10 Old Comment=08055C104K4Z2A New Comment=1000 pF
Change Component Comment : Designator=R3 Old Comment=CRCW08051M00FKEA New Comment=1k
Change Component Comment : Designator=R11 Old Comment=CRCW08051M00FKEA New Comment=1M
Change Component Comment : Designator=R10 Old Comment=CRCW08051M00FKEA New Comment=15M
Change Component Comment : Designator=R1 Old Comment=CRCW08051M00FKEA New Comment=30k
Change Component Comment : Designator=R8 Old Comment=CRCW08051M00FKEA New Comment=30k
Change Component Comment : Designator=R2 Old Comment=CRCW08051M00FKEA New Comment=100k
Change Component Comment : Designator=R7 Old Comment=CRCW08051M00FKEA New Comment=100k
Change Component Comment : Designator=R6 Old Comment=CRCW08051M00FKEA New Comment=422k
Change Component Comment : Designator=L1 Old Comment=CTDO1813PF-223HC New Comment=22 µH
Change Component Comment : Designator=R4 Old Comment=PV36W105C01B00 New Comment=1 Mohm
Change Component Comment : Designator=R9 Old Comment=PV36W105C01B00 New Comment=1 Mohm
Change Component Comment : Designator=CR1 Old Comment=SD2114S040S8R0 New Comment=SD
Change Component Comment : Designator=CR2 Old Comment=SD2114S040S8R0 New Comment=SD
Change Component Comment : Designator=C50 Old Comment=VJ0805A1R0CXACW1BC New Comment=4.7 µF
Change component parameters: Designator = "L1" ("L1"); Footprint = "0402-A"; UniqueID = "\KINFXHGK" ("\KINFXHGK")
Change component parameters (AddParameter): Name = "Copyright"; Value = "Copyright (C) 2023 Ultra Librarian. All rights reserved."; VariantName = "[No Variations]"
Change component parameters (AddParameter): Name = "Manufacturer_Part_Number"; Value = "CTDO1813PF-223HC"; VariantName = "[No Variations]"
Change component parameters (AddParameter): Name = "Mfr_Name"; Value = "Central Technologies"; VariantName = "[No Variations]"
Change component parameters (AddParameter): Name = "RefDes"; Value = "RefDes"; VariantName = "[No Variations]"
Change component parameters (AddParameter): Name = "Type"; Value = "DEV"; VariantName = "[No Variations]"
Added Component: Designator=L2(IND_CTDO1813PF-223HC_CTH)
Add component (AddParameter): Name = "Copyright"; Value = "Copyright (C) 2023 Ultra Librarian. All rights reserved."; VariantName = "[No Variations]"
Add component (AddParameter): Name = "Manufacturer_Part_Number"; Value = "CTDO1813PF-223HC"; VariantName = "[No Variations]"
Add component (AddParameter): Name = "Mfr_Name"; Value = "Central Technologies"; VariantName = "[No Variations]"
Add component (AddParameter): Name = "RefDes"; Value = "RefDes"; VariantName = "[No Variations]"
Add component (AddParameter): Name = "Type"; Value = "DEV"; VariantName = "[No Variations]"
Added Pin To Net: NetName=12V Pin=L2-1
Added Pin To Net: NetName=NetC7_2 Pin=L2-2
Added Member To Class: ClassName=Powerboard_schematic Member=Component L2 22 µH
