Removed Pin From Net: NetName=NetC5_1 Pin=C10-1
Removed Pin From Net: NetName=NetC5_1 Pin=C14-1
Removed Pin From Net: NetName=NetC5_1 Pin=L2-2
Removed Pin From Net: NetName=NetC5_1 Pin=L3-2
Removed Pin From Net: NetName=NetC5_1 Pin=R5-1
Removed Pin From Net: NetName=NetC5_1 Pin=R6-1
Removed Pin From Net: NetName=NetC5_1 Pin=R8-1
Removed Pin From Net: NetName=NetC5_1 Pin=R9-1
Removed Pin From Net: NetName=NetC5_1 Pin=U2-18
Removed Pin From Net: NetName=NetC5_1 Pin=U3-18
Added Pin To Net: NetName=NetC10_1 Pin=C10-1
Added Pin To Net: NetName=NetC10_1 Pin=L2-2
Added Pin To Net: NetName=NetC10_1 Pin=R5-1
Added Pin To Net: NetName=NetC10_1 Pin=R6-1
Added Pin To Net: NetName=NetC10_1 Pin=U2-18
Added Net: Name=NetC10_1
Added Pin To Net: NetName=NetC14_1 Pin=C14-1
Added Pin To Net: NetName=NetC14_1 Pin=L3-2
Added Pin To Net: NetName=NetC14_1 Pin=R8-1
Added Pin To Net: NetName=NetC14_1 Pin=R9-1
Added Pin To Net: NetName=NetC14_1 Pin=U3-18
Added Net: Name=NetC14_1
